2017-05-27 09:35:26  [ main:0 ] - [ INFO ]  cityCode:13001 result code is 4
2017-05-27 09:35:26  [ main:13 ] - [ INFO ]  cityCode:11506 result code is 4
2017-05-27 09:35:26  [ main:17 ] - [ INFO ]  cityCode:11901 result code is 4
2017-05-27 09:35:26  [ main:22 ] - [ INFO ]  cityCode:11102 result code is 4
2017-05-27 09:35:26  [ main:29 ] - [ INFO ]  cityCode:13002 result code is 4
2017-05-27 09:35:26  [ main:33 ] - [ INFO ]  cityCode:11101 result code is 4
2017-05-27 09:35:26  [ main:37 ] - [ INFO ]  cityCode:12711 result code is 4
2017-05-27 09:35:26  [ main:42 ] - [ INFO ]  cityCode:13009 result code is 4
2017-05-27 09:35:26  [ main:46 ] - [ INFO ]  cityCode:11502 result code is 4
2017-05-27 09:35:26  [ main:50 ] - [ INFO ]  cityCode:12710 result code is 4
2017-05-27 09:35:26  [ main:54 ] - [ INFO ]  cityCode:11501 result code is 4
2017-05-27 09:35:26  [ main:62 ] - [ INFO ]  cityCode:13007 result code is 4
2017-05-27 09:35:26  [ main:66 ] - [ INFO ]  cityCode:13011 result code is 4
2017-05-27 09:35:26  [ main:70 ] - [ INFO ]  cityCode:13012 result code is 4
2017-05-27 09:35:26  [ main:75 ] - [ INFO ]  cityCode:13010 result code is 4
2017-05-27 09:35:26  [ main:79 ] - [ INFO ]  cityCode:10701 result code is 4
2017-05-27 09:35:26  [ main:85 ] - [ INFO ]  cityCode:12208 result code is 4
2017-05-27 09:35:26  [ main:92 ] - [ INFO ]  cityCode:10304 result code is 4
2017-05-27 09:35:26  [ main:97 ] - [ INFO ]  cityCode:12207 result code is 4
2017-05-27 09:35:26  [ main:101 ] - [ INFO ]  cityCode:12209 result code is 4
2017-05-27 09:35:26  [ main:105 ] - [ INFO ]  cityCode:10308 result code is 4
2017-05-27 09:35:26  [ main:109 ] - [ INFO ]  cityCode:13013 result code is 4
2017-05-27 09:35:26  [ main:113 ] - [ INFO ]  cityCode:12202 result code is 4
2017-05-27 09:35:26  [ main:117 ] - [ INFO ]  cityCode:12201 result code is 4
2017-05-27 09:35:26  [ main:120 ] - [ INFO ]  cityCode:10301 result code is 4
2017-05-27 09:35:26  [ main:124 ] - [ INFO ]  cityCode:12601 result code is 4
2017-05-27 09:35:26  [ main:127 ] - [ INFO ]  cityCode:12204 result code is 4
2017-05-27 09:35:26  [ main:131 ] - [ INFO ]  cityCode:12203 result code is 4
2017-05-27 09:35:26  [ main:134 ] - [ INFO ]  cityCode:10303 result code is 4
2017-05-27 09:35:26  [ main:138 ] - [ INFO ]  cityCode:12206 result code is 4
2017-05-27 09:35:26  [ main:142 ] - [ INFO ]  cityCode:10302 result code is 4
2017-05-27 09:35:26  [ main:146 ] - [ INFO ]  cityCode:11512 result code is 4
2017-05-27 09:35:26  [ main:150 ] - [ INFO ]  cityCode:12205 result code is 4
2017-05-27 09:35:26  [ main:154 ] - [ INFO ]  cityCode:11207 result code is 4
2017-05-27 09:35:26  [ main:158 ] - [ INFO ]  cityCode:11603 result code is 4
2017-05-27 09:35:26  [ main:164 ] - [ INFO ]  cityCode:11602 result code is 4
2017-05-27 09:35:26  [ main:168 ] - [ INFO ]  cityCode:11608 result code is 4
2017-05-27 09:35:26  [ main:172 ] - [ INFO ]  cityCode:13103 result code is 4
2017-05-27 09:35:26  [ main:176 ] - [ INFO ]  cityCode:13101 result code is 4
2017-05-27 09:35:26  [ main:180 ] - [ INFO ]  cityCode:11201 result code is 4
2017-05-27 09:35:26  [ main:184 ] - [ INFO ]  cityCode:13102 result code is 4
2017-05-27 09:35:26  [ main:187 ] - [ INFO ]  cityCode:10510 result code is 4
2017-05-27 09:35:26  [ main:191 ] - [ INFO ]  cityCode:12810 result code is 4
2017-05-27 09:35:26  [ main:194 ] - [ INFO ]  cityCode:12811 result code is 4
2017-05-27 09:35:26  [ main:198 ] - [ INFO ]  cityCode:10512 result code is 4
2017-05-27 09:35:26  [ main:201 ] - [ INFO ]  cityCode:11601 result code is 4
2017-05-27 09:35:26  [ main:205 ] - [ INFO ]  cityCode:10511 result code is 4
2017-05-27 09:35:26  [ main:208 ] - [ INFO ]  cityCode:12704 result code is 4
2017-05-27 09:35:26  [ main:212 ] - [ INFO ]  cityCode:12705 result code is 4
2017-05-27 09:35:26  [ main:216 ] - [ INFO ]  cityCode:10802 result code is 4
2017-05-27 09:35:26  [ main:220 ] - [ INFO ]  cityCode:12702 result code is 4
2017-05-27 09:35:26  [ main:223 ] - [ INFO ]  cityCode:10801 result code is 4
2017-05-27 09:35:26  [ main:227 ] - [ INFO ]  cityCode:12703 result code is 4
2017-05-27 09:35:26  [ main:231 ] - [ INFO ]  cityCode:10804 result code is 4
2017-05-27 09:35:26  [ main:234 ] - [ INFO ]  cityCode:12708 result code is 4
2017-05-27 09:35:26  [ main:237 ] - [ INFO ]  cityCode:12709 result code is 4
2017-05-27 09:35:26  [ main:241 ] - [ INFO ]  cityCode:10806 result code is 4
2017-05-27 09:35:26  [ main:244 ] - [ INFO ]  cityCode:12706 result code is 4
2017-05-27 09:35:26  [ main:248 ] - [ INFO ]  cityCode:10805 result code is 4
2017-05-27 09:35:26  [ main:251 ] - [ INFO ]  cityCode:12707 result code is 4
2017-05-27 09:35:26  [ main:257 ] - [ INFO ]  cityCode:12301 result code is 4
2017-05-27 09:35:26  [ main:261 ] - [ INFO ]  cityCode:12701 result code is 4
2017-05-27 09:35:26  [ main:265 ] - [ INFO ]  cityCode:10401 result code is 4
2017-05-27 09:35:26  [ main:268 ] - [ INFO ]  cityCode:12110 result code is 4
2017-05-27 09:35:26  [ main:272 ] - [ INFO ]  cityCode:12908 result code is 4
2017-05-27 09:35:26  [ main:275 ] - [ INFO ]  cityCode:12517 result code is 4
2017-05-27 09:35:26  [ main:279 ] - [ INFO ]  cityCode:11701 result code is 4
2017-05-27 09:35:26  [ main:283 ] - [ INFO ]  cityCode:12515 result code is 4
2017-05-27 09:35:26  [ main:286 ] - [ INFO ]  cityCode:12516 result code is 4
2017-05-27 09:35:26  [ main:290 ] - [ INFO ]  cityCode:11706 result code is 4
2017-05-27 09:35:26  [ main:294 ] - [ INFO ]  cityCode:12510 result code is 4
2017-05-27 09:35:26  [ main:298 ] - [ INFO ]  cityCode:12513 result code is 4
2017-05-27 09:35:26  [ main:301 ] - [ INFO ]  cityCode:12514 result code is 4
2017-05-27 09:35:26  [ main:304 ] - [ INFO ]  cityCode:11301 result code is 4
2017-05-27 09:35:26  [ main:308 ] - [ INFO ]  cityCode:10503 result code is 4
2017-05-27 09:35:26  [ main:311 ] - [ INFO ]  cityCode:12407 result code is 4
2017-05-27 09:35:26  [ main:315 ] - [ INFO ]  cityCode:10502 result code is 4
2017-05-27 09:35:26  [ main:318 ] - [ INFO ]  cityCode:12804 result code is 4
2017-05-27 09:35:26  [ main:322 ] - [ INFO ]  cityCode:10901 result code is 4
2017-05-27 09:35:26  [ main:325 ] - [ INFO ]  cityCode:10505 result code is 4
2017-05-27 09:35:26  [ main:329 ] - [ INFO ]  cityCode:12801 result code is 4
2017-05-27 09:35:26  [ main:333 ] - [ INFO ]  cityCode:10504 result code is 4
2017-05-27 09:35:26  [ main:337 ] - [ INFO ]  cityCode:12406 result code is 4
2017-05-27 09:35:26  [ main:341 ] - [ INFO ]  cityCode:12802 result code is 4
2017-05-27 09:35:26  [ main:345 ] - [ INFO ]  cityCode:10507 result code is 4
2017-05-27 09:35:26  [ main:349 ] - [ INFO ]  cityCode:12807 result code is 4
2017-05-27 09:35:26  [ main:355 ] - [ INFO ]  cityCode:10506 result code is 4
2017-05-27 09:35:26  [ main:359 ] - [ INFO ]  cityCode:12808 result code is 4
2017-05-27 09:35:26  [ main:363 ] - [ INFO ]  cityCode:10509 result code is 4
2017-05-27 09:35:26  [ main:367 ] - [ INFO ]  cityCode:12001 result code is 4
2017-05-27 09:35:26  [ main:371 ] - [ INFO ]  cityCode:10100 result code is 4
2017-05-27 09:35:26  [ main:375 ] - [ INFO ]  cityCode:10501 result code is 4
2017-05-27 09:35:26  [ main:378 ] - [ INFO ]  cityCode:12401 result code is 4
2017-05-27 09:35:26  [ main:382 ] - [ INFO ]  cityCode:12402 result code is 4
2017-05-27 09:35:26  [ main:386 ] - [ INFO ]  cityCode:10316 result code is 4
2017-05-27 09:35:26  [ main:389 ] - [ INFO ]  cityCode:11801 result code is 4
2017-05-27 09:35:26  [ main:393 ] - [ INFO ]  cityCode:10315 result code is 4
2017-05-27 09:35:26  [ main:399 ] - [ INFO ]  cityCode:10317 result code is 4
2017-05-27 09:35:26  [ main:403 ] - [ INFO ]  cityCode:11409 result code is 4
2017-05-27 09:35:26  [ main:407 ] - [ INFO ]  cityCode:11001 result code is 4
2017-05-27 09:35:26  [ main:413 ] - [ INFO ]  cityCode:12210 result code is 4
2017-05-27 09:35:26  [ main:417 ] - [ INFO ]  cityCode:10310 result code is 4
2017-05-27 09:35:26  [ main:421 ] - [ INFO ]  cityCode:11003 result code is 4
2017-05-27 09:35:26  [ main:425 ] - [ INFO ]  cityCode:12213 result code is 4
2017-05-27 09:35:26  [ main:428 ] - [ INFO ]  cityCode:11002 result code is 4
2017-05-27 09:35:26  [ main:432 ] - [ INFO ]  cityCode:10312 result code is 4
2017-05-27 09:35:26  [ main:436 ] - [ INFO ]  cityCode:11401 result code is 4
2017-05-27 09:35:26  [ main:440 ] - [ INFO ]  cityCode:12215 result code is 4
2017-05-27 09:35:26  [ main:443 ] - [ INFO ]  cityCode:10311 result code is 4
2017-05-27 09:35:26  [ main:447 ] - [ INFO ]  cityCode:12214 result code is 4
2017-05-27 09:35:26  [ main:451 ] - [ INFO ]  cityCode:11403 result code is 4
2017-05-27 09:35:26  [ main:455 ] - [ INFO ]  cityCode:12217 result code is 4
2017-05-27 09:35:26  [ main:458 ] - [ INFO ]  cityCode:10313 result code is 4
2017-05-27 09:35:26  [ main:462 ] - [ INFO ]  cityCode:11402 result code is 4
2017-05-27 09:35:26  [ main:466 ] - [ INFO ]  cityCode:12216 result code is 4
2017-05-27 09:35:26  [ main:470 ] - [ INFO ]  cityCode:11808 result code is 4
2017-05-27 09:35:26  [ main:474 ] - [ INFO ]  cityCode:12507 result code is 4
2017-05-27 09:35:26  [ main:477 ] - [ INFO ]  cityCode:10601 result code is 4
2017-05-27 09:35:26  [ main:481 ] - [ INFO ]  cityCode:12903 result code is 4
2017-05-27 09:35:26  [ main:485 ] - [ INFO ]  cityCode:12504 result code is 4
2017-05-27 09:35:26  [ main:489 ] - [ INFO ]  cityCode:12505 result code is 4
2017-05-27 09:35:26  [ main:492 ] - [ INFO ]  cityCode:12901 result code is 4
2017-05-27 09:35:26  [ main:496 ] - [ INFO ]  cityCode:11813 result code is 4
2017-05-27 09:35:26  [ main:501 ] - [ INFO ]  cityCode:12906 result code is 4
2017-05-27 09:35:26  [ main:505 ] - [ INFO ]  cityCode:12508 result code is 4
2017-05-27 09:35:26  [ main:509 ] - [ INFO ]  cityCode:12904 result code is 4
2017-05-27 09:35:26  [ main:513 ] - [ INFO ]  cityCode:12905 result code is 4
2017-05-27 09:35:26  [ main:517 ] - [ INFO ]  cityCode:12101 result code is 4
2017-05-27 09:35:26  [ main:521 ] - [ INFO ]  cityCode:12103 result code is 4
2017-05-27 09:35:26  [ main:525 ] - [ INFO ]  cityCode:10320 result code is 4
2017-05-27 09:35:26  [ main:530 ] - [ INFO ]  cityCode:12102 result code is 4
2017-05-27 09:35:26  [ main:534 ] - [ INFO ]  cityCode:12502 result code is 4
2017-05-27 09:35:26  [ main:538 ] - [ INFO ]  cityCode:12105 result code is 4
2017-05-27 09:35:26  [ main:541 ] - [ INFO ]  cityCode:12503 result code is 4
2017-05-27 09:35:26  [ main:545 ] - [ INFO ]  cityCode:10201 result code is 4
2017-05-27 09:35:26  [ main:548 ] - [ INFO ]  cityCode:12104 result code is 4
2017-05-27 09:35:26  [ main:552 ] - [ INFO ]  cityCode:12107 result code is 4
2017-05-27 09:35:26  [ main:557 ] - [ INFO ]  cityCode:12501 result code is 4
2017-05-27 09:35:26  [ main:561 ] - [ INFO ]  cityCode:12106 result code is 4
2017-05-27 09:35:26  [ main:591 ] - [ INFO ]  Supplied authorities: 10.100.28.87:10000
2017-05-27 09:35:26  [ main:592 ] - [ INFO ]  Resolved authority: 10.100.28.87:10000
2017-05-27 09:35:27  [ main:695 ] - [ INFO ]  Will try to open client transport with JDBC Uri: jdbc:hive2://10.100.28.87:10000/default
2017-05-27 09:35:27  [ main:698 ] - [ DEBUG ]  opening transport org.apache.thrift.transport.TSaslClientTransport@224aed64
2017-05-27 09:35:27  [ main:699 ] - [ DEBUG ]  Sending mechanism name PLAIN and initial response of length 15
2017-05-27 09:35:27  [ main:701 ] - [ DEBUG ]  CLIENT: Writing message with status START and payload length 5
2017-05-27 09:35:27  [ main:702 ] - [ DEBUG ]  CLIENT: Writing message with status COMPLETE and payload length 15
2017-05-27 09:35:27  [ main:702 ] - [ DEBUG ]  CLIENT: Start message handled
2017-05-27 09:35:27  [ main:703 ] - [ DEBUG ]  CLIENT: Main negotiation loop complete
2017-05-27 09:35:27  [ main:703 ] - [ DEBUG ]  CLIENT: SASL Client receiving last message
2017-05-27 09:35:27  [ main:729 ] - [ DEBUG ]  CLIENT: Received message with status COMPLETE and payload length 0
2017-05-27 09:35:27  [ main:748 ] - [ DEBUG ]  writing data length: 71
2017-05-27 09:35:27  [ main:871 ] - [ DEBUG ]  CLIENT: reading data length: 109
2017-05-27 09:35:27  [ main:912 ] - [ DEBUG ]  writing data length: 503
2017-05-27 09:35:27  [ main:986 ] - [ DEBUG ]  CLIENT: reading data length: 109
2017-05-27 09:35:27  [ main:995 ] - [ DEBUG ]  writing data length: 100
2017-05-27 09:35:27  [ main:1054 ] - [ DEBUG ]  CLIENT: reading data length: 53
2017-05-27 09:35:27  [ main:1088 ] - [ DEBUG ]  writing data length: 96
2017-05-27 09:35:27  [ main:1091 ] - [ DEBUG ]  CLIENT: reading data length: 42
2017-05-27 09:35:27  [ main:1094 ] - [ DEBUG ]  writing data length: 172
2017-05-27 09:35:27  [ main:1157 ] - [ DEBUG ]  CLIENT: reading data length: 109
2017-05-27 09:35:27  [ main:1158 ] - [ DEBUG ]  writing data length: 100
2017-05-27 09:35:27  [ main:1420 ] - [ DEBUG ]  CLIENT: reading data length: 53
2017-05-27 09:35:27  [ main:1421 ] - [ DEBUG ]  writing data length: 96
2017-05-27 09:35:27  [ main:1424 ] - [ DEBUG ]  CLIENT: reading data length: 42
2017-05-27 09:35:27  [ main:1425 ] - [ DEBUG ]  writing data length: 176
2017-05-27 09:35:27  [ main:1451 ] - [ DEBUG ]  CLIENT: reading data length: 109
2017-05-27 09:35:27  [ main:1453 ] - [ DEBUG ]  writing data length: 100
2017-05-27 09:35:28  [ main:1642 ] - [ DEBUG ]  CLIENT: reading data length: 53
2017-05-27 09:35:28  [ main:1643 ] - [ DEBUG ]  writing data length: 96
2017-05-27 09:35:28  [ main:1653 ] - [ DEBUG ]  CLIENT: reading data length: 42
2017-05-27 09:35:28  [ main:1660 ] - [ DEBUG ]  writing data length: 83
2017-05-27 09:35:28  [ main:1707 ] - [ DEBUG ]  CLIENT: reading data length: 40
2017-05-27 09:35:28  [ main:1829 ] - [ DEBUG ]  field org.apache.hadoop.metrics2.lib.MutableRate org.apache.hadoop.security.UserGroupInformation$UgiMetrics.loginSuccess with annotation @org.apache.hadoop.metrics2.annotation.Metric(always=false, about=, sampleName=Ops, type=DEFAULT, value=[Rate of successful kerberos logins and latency (milliseconds)], valueName=Time)
2017-05-27 09:35:28  [ main:1835 ] - [ DEBUG ]  field org.apache.hadoop.metrics2.lib.MutableRate org.apache.hadoop.security.UserGroupInformation$UgiMetrics.loginFailure with annotation @org.apache.hadoop.metrics2.annotation.Metric(always=false, about=, sampleName=Ops, type=DEFAULT, value=[Rate of failed kerberos logins and latency (milliseconds)], valueName=Time)
2017-05-27 09:35:28  [ main:1836 ] - [ DEBUG ]  UgiMetrics, User and group related metrics
2017-05-27 09:35:28  [ main:1844 ] - [ DEBUG ]  Kerberos krb5 configuration not found, setting default realm to empty
2017-05-27 09:35:28  [ main:1848 ] - [ DEBUG ]  PrivilegedAction as:hdfs (auth:SIMPLE) from:org.apache.hadoop.fs.FileSystem.get(FileSystem.java:153)
2017-05-27 09:35:28  [ main:1934 ] - [ DEBUG ]  dfs.client.use.legacy.blockreader.local = false
2017-05-27 09:35:28  [ main:1934 ] - [ DEBUG ]  dfs.client.read.shortcircuit = false
2017-05-27 09:35:28  [ main:1934 ] - [ DEBUG ]  dfs.client.domain.socket.data.traffic = false
2017-05-27 09:35:28  [ main:1934 ] - [ DEBUG ]  dfs.domain.socket.path = 
2017-05-27 09:35:28  [ main:1953 ] - [ DEBUG ]  StartupProgress, NameNode startup progress
2017-05-27 09:35:28  [ main:2011 ] - [ DEBUG ]  multipleLinearRandomRetry = null
2017-05-27 09:35:28  [ main:2041 ] - [ DEBUG ]   Creating new Groups object
2017-05-27 09:35:28  [ main:2043 ] - [ DEBUG ]  Trying to load the custom-built native-hadoop library...
2017-05-27 09:35:28  [ main:2045 ] - [ DEBUG ]  Failed to load native-hadoop with error: java.lang.UnsatisfiedLinkError: no hadoop in java.library.path
2017-05-27 09:35:28  [ main:2046 ] - [ DEBUG ]  java.library.path=C:\Program Files\Java\jdk1.8.0_111\bin;C:\Windows\Sun\Java\bin;C:\Windows\system32;C:\Windows;C:\Users\wang\bin;C:\Program Files\Git\mingw64\bin;C:\Program Files\Git\usr\local\bin;C:\Program Files\Git\usr\bin;C:\Program Files\Git\usr\bin;C:\Program Files\Git\mingw64\bin;C:\Program Files\Git\usr\bin;C:\Users\wang\bin;D:\app\wang\product\11.2.0\client_1;C:\Program Files\Java\jdk1.8.0_111\bin;C:\ProgramData\Oracle\Java\javapath;C:\Windows\system32;C:\Windows;C:\Windows\System32\Wbem;C:\Windows\System32\WindowsPowerShell\v1.0;C:\Program Files\WIDCOMM\Bluetooth Software;C:\Program Files\WIDCOMM\Bluetooth Software\syswow64;D:\bin\apache-maven-3.3.9\bin;C:\Program Files (x86)\Subversion\bin;C:\apache-tomcat-8.5.13\bin;C:\apache-tomcat-8.5.13\lib;C:\Program Files\Git\cmd;C:\Users\wang\Anaconda2;C:\Users\wang\Anaconda2\Scripts;C:\Users\wang\Anaconda2\Library\bin;C:\Users\wang\AppData\Local\atom\bin;C:\Program Files\Docker Toolbox;C:\Program Files\Git\usr\bin\vendor_perl;C:\Program Files\Git\usr\bin\core_perl;.
2017-05-27 09:35:28  [ main:2046 ] - [ WARN ]  Unable to load native-hadoop library for your platform... using builtin-java classes where applicable
2017-05-27 09:35:28  [ main:2046 ] - [ DEBUG ]  Falling back to shell based
2017-05-27 09:35:28  [ main:2047 ] - [ DEBUG ]  Group mapping impl=org.apache.hadoop.security.ShellBasedUnixGroupsMapping
2017-05-27 09:35:28  [ main:2047 ] - [ DEBUG ]  Group mapping impl=org.apache.hadoop.security.JniBasedUnixGroupsMappingWithFallback; cacheTimeout=300000
2017-05-27 09:35:28  [ main:2056 ] - [ DEBUG ]  rpcKind=RPC_PROTOCOL_BUFFER, rpcRequestWrapperClass=class org.apache.hadoop.ipc.ProtobufRpcEngine$RpcRequestWrapper, rpcInvoker=org.apache.hadoop.ipc.ProtobufRpcEngine$Server$ProtoBufRpcInvoker@7f77e91b
2017-05-27 09:35:29  [ main:2694 ] - [ DEBUG ]  Both short-circuit local reads and UNIX domain socket are disabled.
2017-05-27 09:35:38  [ main:11719 ] - [ DEBUG ]  /catt/data/ncp/T_NCP_STAT/month=201702/data.txt: masked=rw-r--r--
2017-05-27 09:35:38  [ main:11761 ] - [ DEBUG ]  The ping interval is 60000 ms.
2017-05-27 09:35:38  [ main:11763 ] - [ DEBUG ]  Connecting to /10.100.28.80:8020
2017-05-27 09:35:38  [ IPC Client (900008524) connection to /10.100.28.80:8020 from hdfs:11788 ] - [ DEBUG ]  IPC Client (900008524) connection to /10.100.28.80:8020 from hdfs: starting, having connections 1
2017-05-27 09:35:38  [ IPC Parameter Sending Thread #0:11789 ] - [ DEBUG ]  IPC Client (900008524) connection to /10.100.28.80:8020 from hdfs sending #0
2017-05-27 09:35:38  [ IPC Client (900008524) connection to /10.100.28.80:8020 from hdfs:11798 ] - [ DEBUG ]  IPC Client (900008524) connection to /10.100.28.80:8020 from hdfs got value #0
2017-05-27 09:35:38  [ main:11801 ] - [ DEBUG ]  Call: create took 53ms
2017-05-27 09:35:38  [ main:11811 ] - [ DEBUG ]  computePacketChunkSize: src=/catt/data/ncp/T_NCP_STAT/month=201702/data.txt, chunkSize=516, chunksPerPacket=127, packetSize=65532
2017-05-27 09:35:38  [ LeaseRenewer:hdfs@10.100.28.80:8020:11819 ] - [ DEBUG ]  Lease renewer daemon for [DFSClient_NONMAPREDUCE_291435241_1] with renew id 1 started
2017-05-27 09:35:38  [ main:11819 ] - [ DEBUG ]  Waiting for ack for: -1
2017-05-27 09:35:38  [ IPC Parameter Sending Thread #0:11821 ] - [ DEBUG ]  IPC Client (900008524) connection to /10.100.28.80:8020 from hdfs sending #1
2017-05-27 09:35:38  [ IPC Client (900008524) connection to /10.100.28.80:8020 from hdfs:11826 ] - [ DEBUG ]  IPC Client (900008524) connection to /10.100.28.80:8020 from hdfs got value #1
2017-05-27 09:35:38  [ main:11826 ] - [ DEBUG ]  Call: complete took 5ms
2017-05-27 09:35:38  [ main:11828 ] - [ DEBUG ]  Stopping client
2017-05-27 09:35:38  [ IPC Client (900008524) connection to /10.100.28.80:8020 from hdfs:11828 ] - [ DEBUG ]  IPC Client (900008524) connection to /10.100.28.80:8020 from hdfs: closed
2017-05-27 09:35:38  [ IPC Client (900008524) connection to /10.100.28.80:8020 from hdfs:11828 ] - [ DEBUG ]  IPC Client (900008524) connection to /10.100.28.80:8020 from hdfs: stopped, remaining connections 0
2017-05-27 09:35:38  [ main:11928 ] - [ ERROR ]  driver not found
